<?xml version="1.0" encoding="UTF-8"?>
<!-- Generated by org.testng.reporters.JUnitXMLReporter -->
<testsuite ignored="0" hostname="DESKTOP-SEKDPB4" failures="0" tests="3" name="Test" time="0.077" errors="0" timestamp="2022-09-12T20:06:25 IST">
  <testcase classname="tempTestPack.TestClass1" name="test1" time="0.01"/>
  <testcase classname="tempTestPack.TestClass1" name="test2" time="0.002"/>
  <testcase classname="tempTestPack.TestClass1" name="test3" time="0.002"/>
</testsuite> <!-- Test -->
