<?xml version="1.0" encoding="UTF-8"?>
<!-- Generated by org.testng.reporters.JUnitXMLReporter -->
<testsuite ignored="0" hostname="DESKTOP-SEKDPB4" failures="0" tests="3" name="Test456" time="0.013" errors="0" timestamp="2022-09-12T20:44:38 IST">
  <testcase classname="tempTestPack.TestClass2" name="testA" time="0.0"/>
  <testcase classname="tempTestPack.TestClass2" name="testB" time="0.002"/>
  <testcase classname="tempTestPack.TestClass2" name="testC" time="0.002"/>
</testsuite> <!-- Test456 -->
